[2025-03-19 19:46:35.049367] Sucessfully committed 7 time(s).
[2025-03-19 19:46:35.159923] No commits were made.
[2025-03-19 19:46:37.944813] No commits were made.
[2025-03-19 20:38:27.610734] No commits were made.
[2025-03-20 16:00:00.786184] No commits were made.
[2025-03-21 16:00:00.404865] No commits were made.
[2025-03-22 16:00:01.288898] No commits were made.
[2025-03-24 16:00:01.014555] No commits were made.
[2025-03-24 21:06:01.528680] Sucessfully committed 367 time(s).
[2025-03-24 21:06:19.974995] Sucessfully committed 362 time(s).
[2025-03-24 21:15:50.180111] Sucessfully committed 5 time(s).
[2025-03-25 16:00:01.615694] Sucessfully committed 2 time(s).
[2025-03-25 16:12:12.119885] Sucessfully committed 2 time(s).
[2025-03-25 16:13:01.454930] Sucessfully committed 7 time(s).
[2025-03-25 17:06:00.124290] Already committed today. Skipping.
[2025-03-25 17:30:01.381150] Already committed today. Skipping.
[2025-03-25 17:45:00.688631] Already committed today. Skipping.
[2025-03-26 16:01:30.648423] Successfully committed 7 time(s).
[2025-03-27 16:00:02.966990] Successfully committed 9 time(s).
[2025-03-27 16:15:01.116621] Already committed today. Skipping.
[2025-03-27 16:30:01.400251] Already committed today. Skipping.
[2025-03-27 17:00:01.022901] Already committed today. Skipping.
[2025-03-27 17:15:01.413182] Already committed today. Skipping.
[2025-03-27 17:34:43.124944] Already committed today. Skipping.
[2025-03-27 17:45:01.079141] Already committed today. Skipping.
[2025-03-28 13:49:07.245869] Successfully committed 3 time(s).
[2025-03-28 13:50:01.179500] Already committed today. Skipping.
[2025-03-28 13:51:00.551294] Already committed today. Skipping.
[2025-03-28 13:51:11.527811] Already committed today. Skipping.
[2025-03-28 13:53:18.416950] Already committed today. Skipping.
[2025-03-28 14:00:00.460201] Already committed today. Skipping.
[2025-03-28 14:15:00.805749] Already committed today. Skipping.
[2025-03-28 14:30:00.811610] Already committed today. Skipping.
[2025-03-28 14:45:01.175270] Already committed today. Skipping.
[2025-03-28 15:00:01.463619] Already committed today. Skipping.
[2025-03-28 15:16:29.990562] Already committed today. Skipping.
[2025-03-29 12:00:01.762494] Successfully committed 4 time(s).
[2025-03-29 12:15:00.498645] Already committed today. Skipping.
[2025-03-29 12:30:01.305345] Already committed today. Skipping.
[2025-03-29 12:45:01.045393] Already committed today. Skipping.
[2025-03-29 13:00:01.051351] Already committed today. Skipping.
[2025-03-29 13:15:00.965370] Already committed today. Skipping.
[2025-03-29 13:30:00.811877] Already committed today. Skipping.
[2025-03-29 13:45:00.816878] Already committed today. Skipping.
[2025-03-29 14:00:00.591607] Already committed today. Skipping.
[2025-03-29 14:15:01.260381] Already committed today. Skipping.
[2025-03-29 14:30:00.620473] Already committed today. Skipping.
[2025-03-29 14:45:00.428925] Already committed today. Skipping.
[2025-03-30 14:02:39.962434] Successfully committed 5 time(s).
[2025-03-30 15:00:01.272418] Already committed today. Skipping.
[2025-03-30 15:15:00.650923] Already committed today. Skipping.
[2025-03-30 15:30:00.973514] Already committed today. Skipping.
[2025-03-30 15:45:01.519364] Already committed today. Skipping.
[2025-03-30 16:46:48.508053] Already committed today. Skipping.
[2025-03-30 17:00:01.159896] Already committed today. Skipping.
[2025-03-30 18:00:00.696221] Already committed today. Skipping.
[2025-03-30 18:15:00.931270] Already committed today. Skipping.
[2025-03-30 18:30:01.074964] Already committed today. Skipping.
[2025-03-30 18:45:01.280485] Already committed today. Skipping.
[2025-03-30 20:47:37.850123] Already committed today. Skipping.
[2025-03-30 20:50:07.234696] Already committed today. Skipping.
[2025-03-30 20:55:50.296565] Successfully committed 3 time(s).
[2025-03-30 20:57:19.234049] Already committed today. Skipping.
[2025-03-31 12:48:57.635350] Successfully committed 11 time(s).
[2025-03-31 13:15:01.089305] Already committed today. Skipping.
[2025-03-31 13:30:00.401791] Already committed today. Skipping.
[2025-03-31 13:45:00.821525] Already committed today. Skipping.
[2025-03-31 14:00:01.026509] Already committed today. Skipping.
[2025-03-31 14:15:01.374852] Already committed today. Skipping.
[2025-03-31 14:30:00.820464] Already committed today. Skipping.
[2025-03-31 14:45:00.967390] Already committed today. Skipping.
[2025-03-31 15:00:01.415559] Already committed today. Skipping.
[2025-03-31 15:15:00.725609] Already committed today. Skipping.
[2025-03-31 15:30:01.256084] Already committed today. Skipping.
[2025-03-31 15:45:01.463526] Already committed today. Skipping.
[2025-03-31 16:00:00.884718] Already committed today. Skipping.
[2025-03-31 16:15:01.067379] Already committed today. Skipping.
[2025-03-31 16:31:00.949818] Already committed today. Skipping.
[2025-03-31 17:33:31.581466] Already committed today. Skipping.
[2025-03-31 17:49:24.296364] Already committed today. Skipping.
[2025-03-31 18:00:00.971566] Already committed today. Skipping.
[2025-03-31 18:15:01.411244] Already committed today. Skipping.
[2025-03-31 18:30:00.740276] Already committed today. Skipping.
[2025-03-31 18:45:01.278895] Already committed today. Skipping.
[2025-04-01 13:30:36.248160] Successfully committed 5 time(s).
[2025-04-01 14:45:03.319762] Already committed today. Skipping.
[2025-04-01 15:00:00.617789] Already committed today. Skipping.
[2025-04-01 15:15:00.833877] Already committed today. Skipping.
[2025-04-01 15:30:01.274271] Already committed today. Skipping.
[2025-04-01 15:45:00.553061] Already committed today. Skipping.
[2025-04-01 16:00:01.190075] Already committed today. Skipping.
[2025-04-01 16:15:00.602328] Already committed today. Skipping.
[2025-04-01 16:30:00.764756] Already committed today. Skipping.
[2025-04-01 16:45:01.283291] Already committed today. Skipping.
[2025-04-01 17:00:00.650348] Already committed today. Skipping.
[2025-04-01 17:15:01.555011] Already committed today. Skipping.
[2025-04-02 12:00:01.863090] Successfully committed 3 time(s).
[2025-04-02 12:15:01.030674] Already committed today. Skipping.
[2025-04-02 12:30:01.059275] Already committed today. Skipping.
[2025-04-02 12:45:00.595716] Already committed today. Skipping.
[2025-04-02 13:00:00.763351] Already committed today. Skipping.
[2025-04-02 13:15:00.801019] Already committed today. Skipping.
[2025-04-02 13:30:01.145358] Already committed today. Skipping.
[2025-04-02 13:45:00.941042] Already committed today. Skipping.
[2025-04-02 14:00:00.783766] Already committed today. Skipping.
[2025-04-02 14:15:02.352587] Already committed today. Skipping.
[2025-04-02 14:30:00.603592] Already committed today. Skipping.
[2025-04-02 14:45:01.530483] Already committed today. Skipping.
[2025-04-02 15:30:01.555426] Already committed today. Skipping.
[2025-04-02 15:45:00.879783] Already committed today. Skipping.
[2025-04-02 16:00:01.220858] Already committed today. Skipping.
[2025-04-02 16:15:00.448454] Already committed today. Skipping.
[2025-04-02 16:30:00.722043] Already committed today. Skipping.
[2025-04-02 16:45:00.943806] Already committed today. Skipping.
[2025-04-02 17:00:01.404395] Already committed today. Skipping.
[2025-04-02 17:18:34.918268] Already committed today. Skipping.
[2025-04-02 17:30:24.069827] Already committed today. Skipping.
[2025-04-02 18:16:11.441484] Already committed today. Skipping.
[2025-04-02 18:34:02.323321] Already committed today. Skipping.
[2025-04-02 18:47:19.895746] Already committed today. Skipping.
[2025-04-03 12:00:05.742357] Successfully committed 12 time(s).
[2025-04-03 12:15:01.510513] Already committed today. Skipping.
[2025-04-03 12:30:01.141206] Already committed today. Skipping.
[2025-04-03 12:45:00.677778] Already committed today. Skipping.
[2025-04-03 13:00:01.074077] Already committed today. Skipping.
[2025-04-03 13:15:01.437399] Already committed today. Skipping.
[2025-04-03 13:30:00.579508] Already committed today. Skipping.
[2025-04-03 13:45:00.648293] Already committed today. Skipping.
[2025-04-03 14:00:00.962147] Already committed today. Skipping.
[2025-04-03 14:15:00.883670] Already committed today. Skipping.
[2025-04-03 14:30:00.752315] Already committed today. Skipping.
[2025-04-03 14:45:00.899918] Already committed today. Skipping.
[2025-04-03 15:00:01.332264] Already committed today. Skipping.
[2025-04-03 15:15:01.662629] Already committed today. Skipping.
[2025-04-03 15:30:00.545159] Already committed today. Skipping.
[2025-04-03 15:45:00.833890] Already committed today. Skipping.
[2025-04-03 16:00:01.104446] Already committed today. Skipping.
[2025-04-03 16:15:01.041184] Already committed today. Skipping.
[2025-04-03 16:30:01.456180] Already committed today. Skipping.
[2025-04-03 16:45:00.859399] Already committed today. Skipping.
[2025-04-03 17:00:00.836283] Already committed today. Skipping.
[2025-04-03 17:15:01.182299] Already committed today. Skipping.
[2025-04-03 17:30:01.276759] Already committed today. Skipping.
[2025-04-03 17:45:00.452169] Already committed today. Skipping.
[2025-04-03 18:00:00.691411] Already committed today. Skipping.
[2025-04-03 18:15:00.685191] Already committed today. Skipping.
[2025-04-03 18:30:00.700821] Already committed today. Skipping.
[2025-04-03 18:45:00.979257] Already committed today. Skipping.
[2025-04-05 14:00:05.391691] Successfully committed 12 time(s).
[2025-04-05 14:15:00.925562] Already committed today. Skipping.
[2025-04-05 14:30:01.130130] Already committed today. Skipping.
[2025-04-05 14:48:24.222896] Already committed today. Skipping.
[2025-04-05 15:00:01.362194] Already committed today. Skipping.
[2025-04-05 15:15:00.728694] Already committed today. Skipping.
[2025-04-05 15:30:01.427993] Already committed today. Skipping.
[2025-04-05 15:45:00.732848] Already committed today. Skipping.
[2025-04-05 16:45:01.341767] Already committed today. Skipping.
[2025-04-05 17:00:00.677479] Already committed today. Skipping.
[2025-04-05 17:15:00.782325] Already committed today. Skipping.
[2025-04-05 17:30:03.704029] Already committed today. Skipping.
[2025-04-05 17:45:00.954879] Already committed today. Skipping.
[2025-04-05 18:00:01.275593] Already committed today. Skipping.
[2025-04-05 18:15:00.516479] Already committed today. Skipping.
[2025-04-05 18:30:00.895044] Already committed today. Skipping.
[2025-04-05 18:45:02.565402] Already committed today. Skipping.
[2025-04-06 13:00:06.291701] Successfully committed 12 time(s).
[2025-04-06 13:15:00.717494] Already committed today. Skipping.
[2025-04-06 16:48:25.629475] Already committed today. Skipping.
[2025-04-07 13:15:15.884167] Successfully committed 8 time(s).
[2025-04-07 13:30:01.171486] Already committed today. Skipping.
[2025-04-07 13:45:01.225086] Already committed today. Skipping.
[2025-04-07 14:00:01.337629] Already committed today. Skipping.
[2025-04-07 14:15:01.353595] Already committed today. Skipping.
[2025-04-07 14:30:00.694797] Already committed today. Skipping.
[2025-04-07 14:45:00.607922] Already committed today. Skipping.
[2025-04-07 15:00:00.525575] Already committed today. Skipping.
[2025-04-07 15:15:00.674377] Already committed today. Skipping.
[2025-04-07 15:30:00.767421] Already committed today. Skipping.
[2025-04-07 15:45:00.772512] Already committed today. Skipping.
[2025-04-07 16:00:00.900044] Already committed today. Skipping.
[2025-04-07 16:17:32.826927] Already committed today. Skipping.
[2025-04-07 16:30:00.612603] Already committed today. Skipping.
[2025-04-08 12:00:01.559246] Successfully committed 3 time(s).
[2025-04-08 12:15:01.162194] Already committed today. Skipping.
[2025-04-08 12:30:00.862972] Already committed today. Skipping.
[2025-04-08 12:45:00.910475] Already committed today. Skipping.
[2025-04-08 13:00:01.224615] Already committed today. Skipping.
[2025-04-08 13:15:00.895041] Already committed today. Skipping.
[2025-04-08 13:30:01.199924] Already committed today. Skipping.
[2025-04-08 13:45:00.784326] Already committed today. Skipping.
[2025-04-08 14:00:01.283268] Already committed today. Skipping.
[2025-04-08 14:15:01.222745] Already committed today. Skipping.
[2025-04-08 14:30:00.464211] Already committed today. Skipping.
[2025-04-08 14:45:00.900037] Already committed today. Skipping.
[2025-04-08 15:00:01.171049] Already committed today. Skipping.
[2025-04-08 15:15:01.345221] Already committed today. Skipping.
[2025-04-08 15:30:00.753533] Already committed today. Skipping.
[2025-04-08 15:45:00.550110] Already committed today. Skipping.
[2025-04-08 16:00:01.177961] Already committed today. Skipping.
[2025-04-08 16:15:00.827346] Already committed today. Skipping.
[2025-04-08 16:45:01.689396] Already committed today. Skipping.
[2025-04-08 17:00:50.338105] Already committed today. Skipping.
[2025-04-08 17:30:00.972449] Already committed today. Skipping.
[2025-04-08 17:45:00.809670] Already committed today. Skipping.
[2025-04-08 18:04:13.157010] Already committed today. Skipping.
[2025-04-08 18:30:01.155516] Already committed today. Skipping.
[2025-04-08 18:45:00.450236] Already committed today. Skipping.
[2025-04-09 13:00:05.460924] Successfully committed 14 time(s).
[2025-04-09 13:15:01.062005] Already committed today. Skipping.
[2025-04-09 13:30:01.185948] Already committed today. Skipping.
[2025-04-09 13:46:13.978365] Already committed today. Skipping.
[2025-04-09 14:00:01.194533] Already committed today. Skipping.
[2025-04-09 14:15:01.435137] Already committed today. Skipping.
[2025-04-09 14:30:00.811103] Already committed today. Skipping.
[2025-04-09 14:45:01.405717] Already committed today. Skipping.
[2025-04-09 15:00:01.071319] Already committed today. Skipping.
[2025-04-09 15:15:00.648330] Already committed today. Skipping.
[2025-04-09 15:30:00.844111] Already committed today. Skipping.
[2025-04-09 15:45:01.235348] Already committed today. Skipping.
[2025-04-09 16:00:00.742747] Already committed today. Skipping.
[2025-04-09 16:19:06.782129] Already committed today. Skipping.
[2025-04-09 16:30:01.063673] Already committed today. Skipping.
[2025-04-09 16:45:01.373648] Already committed today. Skipping.
[2025-04-09 17:00:00.923845] Already committed today. Skipping.
[2025-04-09 17:15:01.274972] Already committed today. Skipping.
[2025-04-09 17:30:00.563237] Already committed today. Skipping.
[2025-04-09 17:45:00.954619] Already committed today. Skipping.
[2025-04-09 18:00:01.380411] Already committed today. Skipping.
[2025-04-09 18:15:00.804691] Already committed today. Skipping.
[2025-04-09 18:30:00.924531] Already committed today. Skipping.
[2025-04-09 18:45:01.310131] Already committed today. Skipping.
[2025-04-10 15:15:02.950709] Successfully committed 5 time(s).
[2025-04-10 15:30:00.588371] Already committed today. Skipping.
[2025-04-10 15:45:00.965251] Already committed today. Skipping.
[2025-04-10 16:00:01.356803] Already committed today. Skipping.
[2025-04-10 16:19:59.909297] Already committed today. Skipping.
[2025-04-10 16:34:30.628707] Already committed today. Skipping.
[2025-04-10 17:00:01.516659] Already committed today. Skipping.
[2025-04-10 17:15:01.223873] Already committed today. Skipping.
[2025-04-10 17:30:00.650898] Already committed today. Skipping.
[2025-04-10 17:45:00.978052] Already committed today. Skipping.
[2025-04-10 18:00:01.237623] Already committed today. Skipping.
[2025-04-10 18:15:00.620756] Already committed today. Skipping.
[2025-04-10 18:30:05.061814] Already committed today. Skipping.
[2025-04-10 18:45:00.965396] Already committed today. Skipping.
[2025-04-11 14:00:02.854604] Successfully committed 6 time(s).
[2025-04-11 14:15:00.969338] Already committed today. Skipping.
[2025-04-11 14:33:41.325815] Already committed today. Skipping.
[2025-04-11 15:00:00.864833] Already committed today. Skipping.
[2025-04-11 15:15:01.333938] Already committed today. Skipping.
[2025-04-11 15:30:00.604520] Already committed today. Skipping.
[2025-04-11 15:45:00.507118] Already committed today. Skipping.
[2025-04-11 16:15:01.287252] Already committed today. Skipping.
[2025-04-11 16:30:00.992543] Already committed today. Skipping.
[2025-04-11 16:45:00.464442] Already committed today. Skipping.
[2025-04-11 17:00:01.458522] Already committed today. Skipping.
[2025-04-11 17:15:00.645887] Already committed today. Skipping.
[2025-04-11 17:30:00.916738] Already committed today. Skipping.
[2025-04-11 17:45:01.128981] Already committed today. Skipping.
[2025-04-11 18:00:00.648956] Already committed today. Skipping.
[2025-04-11 18:15:01.017977] Already committed today. Skipping.
[2025-04-11 18:30:01.524420] Already committed today. Skipping.
[2025-04-12 12:30:02.190668] Successfully committed 5 time(s).
[2025-04-12 12:45:01.247238] Already committed today. Skipping.
[2025-04-12 13:22:15.165001] Already committed today. Skipping.
[2025-04-12 13:32:35.427804] Already committed today. Skipping.
[2025-04-12 13:45:01.041110] Already committed today. Skipping.
[2025-04-12 14:00:01.445760] Already committed today. Skipping.
[2025-04-12 14:30:00.714560] Already committed today. Skipping.
[2025-04-12 14:45:01.153933] Already committed today. Skipping.
[2025-04-12 15:00:42.182197] Already committed today. Skipping.
[2025-04-12 15:15:02.037820] Already committed today. Skipping.
[2025-04-12 15:30:00.911957] Already committed today. Skipping.
[2025-04-12 15:45:01.217172] Already committed today. Skipping.
[2025-04-12 16:00:01.431554] Already committed today. Skipping.
[2025-04-12 16:15:07.179535] Already committed today. Skipping.
[2025-04-12 16:30:43.915591] Already committed today. Skipping.
[2025-04-12 16:45:00.913747] Already committed today. Skipping.
[2025-04-12 17:00:00.882393] Already committed today. Skipping.
[2025-04-12 17:15:01.909043] Already committed today. Skipping.
[2025-04-12 17:30:01.541332] Already committed today. Skipping.
[2025-04-12 17:45:37.136847] Already committed today. Skipping.
[2025-04-12 18:00:00.709037] Already committed today. Skipping.
[2025-04-12 18:15:01.071176] Already committed today. Skipping.
[2025-04-12 18:30:01.571295] Already committed today. Skipping.
[2025-04-12 18:45:01.152471] Already committed today. Skipping.
[2025-04-13 12:00:53.903019] Successfully committed 11 time(s).
[2025-04-13 12:15:00.659445] Already committed today. Skipping.
[2025-04-13 12:30:02.124145] Already committed today. Skipping.
[2025-04-13 12:45:01.552307] Already committed today. Skipping.
[2025-04-13 13:15:01.514599] Already committed today. Skipping.
[2025-04-13 13:30:01.300428] Already committed today. Skipping.
[2025-04-13 13:45:00.873557] Already committed today. Skipping.
[2025-04-13 14:00:01.192772] Already committed today. Skipping.
[2025-04-13 14:15:00.398882] Already committed today. Skipping.
[2025-04-13 14:30:00.589343] Already committed today. Skipping.
[2025-04-13 14:45:00.759589] Already committed today. Skipping.
[2025-04-13 15:00:01.235601] Already committed today. Skipping.
[2025-04-13 15:15:00.859268] Already committed today. Skipping.
[2025-04-13 15:30:00.822218] Already committed today. Skipping.
[2025-04-13 15:45:01.232997] Already committed today. Skipping.
[2025-04-13 16:15:00.727625] Already committed today. Skipping.
[2025-04-13 16:30:01.016699] Already committed today. Skipping.
[2025-04-13 17:00:01.367141] Already committed today. Skipping.
[2025-04-13 17:15:00.913346] Already committed today. Skipping.
[2025-04-13 17:30:01.224383] Already committed today. Skipping.
[2025-04-13 17:45:00.926772] Already committed today. Skipping.
[2025-04-13 18:00:00.769359] Already committed today. Skipping.
[2025-04-13 18:15:01.302078] Already committed today. Skipping.
[2025-04-13 18:30:00.946690] Already committed today. Skipping.
[2025-04-13 18:45:00.963652] Already committed today. Skipping.
[2025-04-15 12:00:02.724163] Successfully committed 4 time(s).
[2025-04-15 12:15:00.913666] Already committed today. Skipping.
[2025-04-15 12:30:00.629387] Already committed today. Skipping.
[2025-04-15 12:45:00.674505] Already committed today. Skipping.
[2025-04-15 13:02:28.740581] Already committed today. Skipping.
[2025-04-15 13:15:05.687410] Already committed today. Skipping.
[2025-04-15 13:30:01.589652] Already committed today. Skipping.
[2025-04-15 13:45:00.682461] Already committed today. Skipping.
[2025-04-15 14:00:00.797027] Already committed today. Skipping.
[2025-04-15 14:15:00.943874] Already committed today. Skipping.
[2025-04-15 14:30:01.393918] Already committed today. Skipping.
[2025-04-15 14:45:01.433022] Already committed today. Skipping.
[2025-04-15 15:00:01.001293] Already committed today. Skipping.
[2025-04-15 15:15:01.293411] Already committed today. Skipping.
[2025-04-15 15:30:28.150544] Already committed today. Skipping.
[2025-04-15 15:45:01.336019] Already committed today. Skipping.
[2025-04-15 16:00:00.632139] Already committed today. Skipping.
[2025-04-15 16:15:01.392126] Already committed today. Skipping.
[2025-04-15 16:30:00.822012] Already committed today. Skipping.
[2025-04-15 16:45:01.043057] Already committed today. Skipping.
[2025-04-15 17:00:01.109942] Already committed today. Skipping.
[2025-04-15 17:15:00.563624] Already committed today. Skipping.
[2025-04-15 17:30:00.725108] Already committed today. Skipping.
[2025-04-15 17:45:00.959329] Already committed today. Skipping.
[2025-04-15 18:00:01.040082] Already committed today. Skipping.
[2025-04-15 18:15:01.471434] Already committed today. Skipping.
[2025-04-15 18:30:00.534448] Already committed today. Skipping.
[2025-04-15 18:45:01.302264] Already committed today. Skipping.
[2025-04-16 12:00:01.128441] Successfully committed 1 time(s).
[2025-04-16 12:15:01.247190] Already committed today. Skipping.
[2025-04-16 12:30:01.311876] Already committed today. Skipping.
[2025-04-16 12:45:01.410005] Already committed today. Skipping.
[2025-04-16 13:15:00.655405] Already committed today. Skipping.
[2025-04-16 13:30:00.925520] Already committed today. Skipping.
[2025-04-16 13:45:01.167664] Already committed today. Skipping.
[2025-04-16 14:00:01.438445] Already committed today. Skipping.
[2025-04-16 14:15:00.692987] Already committed today. Skipping.
[2025-04-16 14:30:00.957835] Already committed today. Skipping.
[2025-04-16 14:45:01.344567] Already committed today. Skipping.
[2025-04-16 15:00:00.475490] Already committed today. Skipping.
[2025-04-16 15:15:00.796773] Already committed today. Skipping.
[2025-04-16 15:30:01.254371] Already committed today. Skipping.
[2025-04-16 15:45:00.709580] Already committed today. Skipping.
[2025-04-16 16:03:01.519113] Already committed today. Skipping.
[2025-04-16 16:15:01.027639] Already committed today. Skipping.
[2025-04-16 16:30:01.223897] Already committed today. Skipping.
[2025-04-16 16:45:00.484968] Already committed today. Skipping.
[2025-04-16 17:00:01.058196] Already committed today. Skipping.
[2025-04-16 17:15:01.561437] Already committed today. Skipping.
[2025-04-16 17:30:01.384355] Already committed today. Skipping.
[2025-04-16 17:45:00.757560] Already committed today. Skipping.
[2025-04-17 13:00:03.660888] Successfully committed 10 time(s).
[2025-04-17 13:15:01.334597] Already committed today. Skipping.
[2025-04-17 13:30:08.485142] Already committed today. Skipping.
[2025-04-17 13:45:00.728732] Already committed today. Skipping.
[2025-04-17 14:00:01.401189] Already committed today. Skipping.
[2025-04-17 14:15:01.118866] Already committed today. Skipping.
[2025-04-17 14:30:02.427053] Already committed today. Skipping.
[2025-04-17 14:45:00.962119] Already committed today. Skipping.
[2025-04-17 15:00:01.319715] Already committed today. Skipping.
[2025-04-17 15:15:01.533356] Already committed today. Skipping.
[2025-04-17 15:45:00.569772] Already committed today. Skipping.
[2025-04-17 16:00:00.893265] Already committed today. Skipping.
[2025-04-17 16:15:01.407424] Already committed today. Skipping.
[2025-04-17 16:30:00.545454] Already committed today. Skipping.
[2025-04-17 16:45:00.888776] Already committed today. Skipping.
[2025-04-17 17:00:01.110099] Already committed today. Skipping.
[2025-04-17 17:15:01.274229] Already committed today. Skipping.
[2025-04-17 17:30:00.491735] Already committed today. Skipping.
[2025-04-17 17:45:00.520342] Already committed today. Skipping.
[2025-04-17 18:00:00.980657] Already committed today. Skipping.
[2025-04-17 18:15:01.313511] Already committed today. Skipping.
[2025-04-17 18:30:00.591343] Already committed today. Skipping.
[2025-04-17 18:45:01.398596] Already committed today. Skipping.
[2025-04-22 18:00:05.635217] Successfully committed 12 time(s).
[2025-04-22 18:15:01.497874] Already committed today. Skipping.
[2025-04-22 18:30:01.479098] Already committed today. Skipping.
[2025-04-22 18:45:00.782024] Already committed today. Skipping.
[2025-04-23 14:00:06.356761] Successfully committed 7 time(s).
[2025-04-23 14:15:02.179772] Already committed today. Skipping.
[2025-04-23 14:30:00.843145] Already committed today. Skipping.
[2025-04-23 14:45:01.035670] Already committed today. Skipping.
[2025-04-23 15:00:02.532630] Already committed today. Skipping.
[2025-04-23 15:15:01.144812] Already committed today. Skipping.
[2025-04-23 15:30:01.354985] Already committed today. Skipping.
[2025-04-23 15:45:00.609719] Already committed today. Skipping.
[2025-04-23 16:00:00.855747] Already committed today. Skipping.
[2025-04-23 16:15:01.332333] Already committed today. Skipping.
[2025-04-23 16:30:02.628093] Already committed today. Skipping.
[2025-04-23 16:45:00.846976] Already committed today. Skipping.
[2025-04-23 17:00:01.271419] Already committed today. Skipping.
[2025-04-23 17:15:00.985306] Already committed today. Skipping.
[2025-04-23 17:30:01.144195] Already committed today. Skipping.
[2025-04-23 17:45:01.370877] Already committed today. Skipping.
[2025-04-23 18:00:01.166501] Already committed today. Skipping.
[2025-04-23 18:15:01.124796] Already committed today. Skipping.
[2025-04-23 18:30:00.722459] Already committed today. Skipping.
[2025-04-23 18:45:00.863095] Already committed today. Skipping.
[2025-04-24 14:30:08.025558] Successfully committed 14 time(s).
[2025-04-24 14:45:01.811315] Already committed today. Skipping.
[2025-04-24 15:00:00.647729] Already committed today. Skipping.
[2025-04-24 16:00:03.409088] Already committed today. Skipping.
[2025-04-24 16:15:01.285128] Already committed today. Skipping.
[2025-04-24 16:45:04.571242] Already committed today. Skipping.
[2025-04-25 16:15:03.252434] Successfully committed 6 time(s).
[2025-04-25 16:30:01.768080] Already committed today. Skipping.
[2025-04-27 13:00:25.635127] Successfully committed 13 time(s).
[2025-04-27 13:15:01.512606] Already committed today. Skipping.
[2025-04-27 13:45:02.829301] Already committed today. Skipping.
[2025-04-27 14:00:01.053016] Already committed today. Skipping.
[2025-04-27 14:15:01.028052] Already committed today. Skipping.
[2025-04-27 14:30:01.560450] Already committed today. Skipping.
[2025-04-27 14:45:00.528465] Already committed today. Skipping.
[2025-04-27 15:00:00.611021] Already committed today. Skipping.
[2025-04-27 15:15:00.968222] Already committed today. Skipping.
[2025-04-27 15:45:01.270147] Already committed today. Skipping.
[2025-04-27 16:06:14.353186] Already committed today. Skipping.
[2025-04-27 16:15:01.442056] Already committed today. Skipping.
[2025-04-27 16:45:00.993776] Already committed today. Skipping.
[2025-04-27 17:00:01.423592] Already committed today. Skipping.
[2025-04-27 17:18:50.937201] Already committed today. Skipping.
[2025-04-27 17:30:01.274989] Already committed today. Skipping.
[2025-04-27 17:45:01.116699] Already committed today. Skipping.
[2025-04-27 18:00:01.657022] Already committed today. Skipping.
[2025-04-27 18:19:11.715030] Already committed today. Skipping.
[2025-04-27 18:30:01.411416] Already committed today. Skipping.
[2025-04-27 18:45:00.622641] Already committed today. Skipping.
[2025-04-28 12:00:06.947633] Successfully committed 10 time(s).
[2025-04-28 12:15:01.079273] Already committed today. Skipping.
[2025-04-28 12:30:01.309179] Already committed today. Skipping.
[2025-04-28 12:45:00.586689] Already committed today. Skipping.
[2025-04-28 13:30:00.907788] Already committed today. Skipping.
[2025-04-28 13:45:01.497317] Already committed today. Skipping.
[2025-04-28 14:09:48.098244] Already committed today. Skipping.
[2025-04-28 14:15:00.977633] Already committed today. Skipping.
[2025-04-28 14:30:01.353222] Already committed today. Skipping.
[2025-04-28 14:45:00.810113] Already committed today. Skipping.
[2025-04-28 15:00:00.746817] Already committed today. Skipping.
[2025-04-28 15:15:01.360153] Already committed today. Skipping.
[2025-04-28 15:30:00.732403] Already committed today. Skipping.
[2025-04-28 15:45:01.154755] Already committed today. Skipping.
[2025-04-28 18:15:00.650631] Already committed today. Skipping.
[2025-04-28 18:30:01.078014] Already committed today. Skipping.
[2025-04-29 14:30:07.484016] Successfully committed 12 time(s).
[2025-04-29 14:45:01.347533] Already committed today. Skipping.
[2025-04-29 16:15:00.604048] Already committed today. Skipping.
[2025-04-29 16:30:00.931758] Already committed today. Skipping.
[2025-04-29 16:45:01.432318] Already committed today. Skipping.
[2025-04-30 12:00:04.303112] Successfully committed 9 time(s).
[2025-04-30 12:15:00.582970] Already committed today. Skipping.
[2025-04-30 12:30:00.934709] Already committed today. Skipping.
[2025-04-30 12:45:01.145891] Already committed today. Skipping.
[2025-04-30 13:00:00.571916] Already committed today. Skipping.
[2025-04-30 13:15:00.828067] Already committed today. Skipping.
[2025-04-30 13:30:01.253569] Already committed today. Skipping.
[2025-04-30 14:15:01.518151] Already committed today. Skipping.
[2025-04-30 14:30:00.767710] Already committed today. Skipping.
[2025-04-30 14:45:01.025461] Already committed today. Skipping.
[2025-04-30 15:00:01.166413] Already committed today. Skipping.
[2025-04-30 15:15:29.983197] Already committed today. Skipping.
[2025-04-30 15:45:01.442197] Already committed today. Skipping.
[2025-04-30 16:00:00.808293] Already committed today. Skipping.
[2025-04-30 16:15:01.440074] Already committed today. Skipping.
[2025-04-30 16:30:01.098345] Already committed today. Skipping.
[2025-04-30 16:45:37.879535] Already committed today. Skipping.
[2025-05-01 15:30:34.563154] Successfully committed 4 time(s).
[2025-05-01 15:45:00.586500] Already committed today. Skipping.
[2025-05-01 16:00:01.521208] Already committed today. Skipping.
[2025-05-01 16:15:00.584547] Already committed today. Skipping.
[2025-05-01 16:30:01.034155] Already committed today. Skipping.
[2025-05-01 16:45:01.383930] Already committed today. Skipping.
[2025-05-01 17:00:00.825182] Already committed today. Skipping.
[2025-05-01 17:15:01.366907] Already committed today. Skipping.
[2025-05-01 17:30:00.945322] Already committed today. Skipping.
[2025-05-01 17:45:01.549445] Already committed today. Skipping.
[2025-05-01 18:00:01.216724] Already committed today. Skipping.
[2025-05-01 18:15:01.776181] Already committed today. Skipping.
[2025-05-01 18:30:01.249149] Already committed today. Skipping.
[2025-05-01 18:45:00.948460] Already committed today. Skipping.
[2025-05-02 12:00:06.317466] Successfully committed 11 time(s).
[2025-05-02 12:15:00.751163] Already committed today. Skipping.
[2025-05-02 12:30:01.110066] Already committed today. Skipping.
[2025-05-02 13:04:38.104843] Already committed today. Skipping.
[2025-05-02 13:15:01.004809] Already committed today. Skipping.
[2025-05-02 13:35:58.660318] Already committed today. Skipping.
[2025-05-02 13:45:00.832479] Already committed today. Skipping.
[2025-05-02 14:00:00.924099] Already committed today. Skipping.
[2025-05-02 14:15:01.327386] Already committed today. Skipping.
[2025-05-02 14:30:00.984742] Already committed today. Skipping.
[2025-05-02 14:45:01.179101] Already committed today. Skipping.
[2025-05-02 15:01:00.540949] Already committed today. Skipping.
[2025-05-02 16:00:00.809778] Already committed today. Skipping.
[2025-05-02 16:15:01.347465] Already committed today. Skipping.
[2025-05-02 16:30:00.865986] Already committed today. Skipping.
[2025-05-02 16:45:01.251422] Already committed today. Skipping.
[2025-05-02 17:00:01.300818] Already committed today. Skipping.
[2025-05-02 17:15:01.284687] Already committed today. Skipping.
[2025-05-02 17:30:10.491774] Already committed today. Skipping.
[2025-05-02 17:45:15.630191] Already committed today. Skipping.
[2025-05-02 18:00:27.648304] Already committed today. Skipping.
[2025-05-02 18:18:10.801409] Already committed today. Skipping.
[2025-05-02 18:31:34.056805] Already committed today. Skipping.
[2025-05-03 12:00:02.546758] Successfully committed 8 time(s).
[2025-05-03 12:15:00.828319] Already committed today. Skipping.
[2025-05-03 12:30:01.178914] Already committed today. Skipping.
[2025-05-03 12:45:00.588673] Already committed today. Skipping.
[2025-05-03 13:00:00.845397] Already committed today. Skipping.
[2025-05-03 13:15:01.205012] Already committed today. Skipping.
[2025-05-03 13:30:01.339984] Already committed today. Skipping.
[2025-05-03 13:45:00.516429] Already committed today. Skipping.
[2025-05-03 14:00:00.813413] Already committed today. Skipping.
[2025-05-03 14:45:01.125025] Already committed today. Skipping.
[2025-05-03 15:00:01.232934] Already committed today. Skipping.
[2025-05-03 15:15:01.337122] Already committed today. Skipping.
[2025-05-04 13:45:07.370069] Successfully committed 13 time(s).
[2025-05-04 14:00:00.944538] Already committed today. Skipping.
[2025-05-04 14:15:01.391496] Already committed today. Skipping.
[2025-05-04 14:30:00.663805] Already committed today. Skipping.
[2025-05-04 14:45:00.966414] Already committed today. Skipping.
[2025-05-04 15:00:00.645119] Already committed today. Skipping.
[2025-05-04 15:15:01.138389] Already committed today. Skipping.
[2025-05-04 15:30:00.853220] Already committed today. Skipping.
[2025-05-04 15:45:00.851140] Already committed today. Skipping.
[2025-05-04 16:00:01.168489] Already committed today. Skipping.
[2025-05-04 16:15:01.274572] Already committed today. Skipping.
[2025-05-04 16:30:01.045584] Already committed today. Skipping.
[2025-05-04 16:45:01.436148] Already committed today. Skipping.
[2025-05-04 17:01:19.903601] Already committed today. Skipping.
[2025-05-04 17:15:41.002173] Already committed today. Skipping.
[2025-05-05 12:00:03.552684] Successfully committed 4 time(s).
[2025-05-05 12:15:00.709646] Already committed today. Skipping.
[2025-05-05 12:30:01.062633] Already committed today. Skipping.
[2025-05-05 12:45:01.520512] Already committed today. Skipping.
[2025-05-05 13:00:00.746502] Already committed today. Skipping.
[2025-05-05 13:15:01.059001] Already committed today. Skipping.
[2025-05-05 13:30:00.735636] Already committed today. Skipping.
[2025-05-05 13:45:00.538317] Already committed today. Skipping.
[2025-05-05 14:00:01.684043] Already committed today. Skipping.
[2025-05-05 14:15:01.011460] Already committed today. Skipping.
[2025-05-05 14:30:00.960262] Already committed today. Skipping.
[2025-05-05 14:45:00.752672] Already committed today. Skipping.
[2025-05-05 15:00:10.705892] Already committed today. Skipping.
[2025-05-05 15:15:09.043725] Already committed today. Skipping.
[2025-05-05 15:30:00.936457] Already committed today. Skipping.
[2025-05-05 15:45:01.338723] Already committed today. Skipping.
[2025-05-05 16:00:01.810128] Already committed today. Skipping.
[2025-05-05 16:15:00.708357] Already committed today. Skipping.
[2025-05-05 16:30:01.258744] Already committed today. Skipping.
[2025-05-05 16:45:00.501038] Already committed today. Skipping.
[2025-05-06 12:00:04.007861] Successfully committed 8 time(s).
[2025-05-06 12:15:00.477313] Already committed today. Skipping.
[2025-05-06 12:30:00.789649] Already committed today. Skipping.
[2025-05-06 12:45:00.746759] Already committed today. Skipping.
[2025-05-06 13:00:01.226500] Already committed today. Skipping.
[2025-05-06 13:15:00.937313] Already committed today. Skipping.
[2025-05-06 13:45:00.504154] Already committed today. Skipping.
[2025-05-06 14:00:01.856862] Already committed today. Skipping.
[2025-05-06 14:15:01.048329] Already committed today. Skipping.
[2025-05-06 14:30:01.169687] Already committed today. Skipping.
[2025-05-06 14:45:01.419281] Already committed today. Skipping.
[2025-05-06 15:00:00.783229] Already committed today. Skipping.
[2025-05-06 15:15:00.984343] Already committed today. Skipping.
[2025-05-06 15:30:01.159005] Already committed today. Skipping.
[2025-05-06 15:45:01.087511] Already committed today. Skipping.
[2025-05-06 18:45:00.951057] Already committed today. Skipping.
[2025-05-07 12:00:03.612923] Successfully committed 7 time(s).
[2025-05-07 12:15:00.882655] Already committed today. Skipping.
[2025-05-07 12:30:08.031216] Already committed today. Skipping.
[2025-05-07 12:45:01.320053] Already committed today. Skipping.
[2025-05-07 13:00:00.803519] Already committed today. Skipping.
[2025-05-07 13:15:01.037423] Already committed today. Skipping.
[2025-05-07 13:30:00.550873] Already committed today. Skipping.
[2025-05-07 13:45:00.999689] Already committed today. Skipping.
[2025-05-07 14:00:01.138936] Already committed today. Skipping.
[2025-05-07 14:15:01.606334] Already committed today. Skipping.
[2025-05-07 14:45:01.237357] Already committed today. Skipping.
[2025-05-07 15:00:01.301063] Already committed today. Skipping.
[2025-05-07 15:15:01.890280] Already committed today. Skipping.
[2025-05-07 15:30:01.516435] Already committed today. Skipping.
[2025-05-07 15:45:01.046423] Already committed today. Skipping.
[2025-05-08 12:00:02.303854] Successfully committed 3 time(s).
[2025-05-08 12:15:01.018218] Already committed today. Skipping.
[2025-05-08 12:30:01.347066] Already committed today. Skipping.
[2025-05-08 12:45:01.028565] Already committed today. Skipping.
[2025-05-08 13:00:01.138938] Already committed today. Skipping.
[2025-05-08 13:15:01.878040] Already committed today. Skipping.
[2025-05-08 13:30:01.481352] Already committed today. Skipping.
[2025-05-08 13:45:01.050400] Already committed today. Skipping.
[2025-05-08 14:00:00.894796] Already committed today. Skipping.
[2025-05-08 14:15:04.197511] Already committed today. Skipping.
[2025-05-08 14:30:00.840816] Already committed today. Skipping.
[2025-05-08 14:45:00.924844] Already committed today. Skipping.
[2025-05-08 15:00:01.312443] Already committed today. Skipping.
[2025-05-08 15:15:01.129186] Already committed today. Skipping.
[2025-05-08 15:30:01.509978] Already committed today. Skipping.
[2025-05-08 15:45:01.070624] Already committed today. Skipping.
[2025-05-08 16:00:01.688882] Already committed today. Skipping.
[2025-05-08 16:15:00.750246] Already committed today. Skipping.
[2025-05-08 16:33:01.391938] Already committed today. Skipping.
Attempting: /usr/bin/git add commit_bot.txt in /Users/ajith/projects/Commit_Bot
Git add successful for commit_bot.txt.
Attempting: /usr/bin/git commit -m Update commit_bot.txt in /Users/ajith/projects/Commit_Bot
Git commit successful: [main 61a52f7] Update commit_bot.txt
 1 file changed, 1 insertion(+), 1 deletion(-)
Attempting: /usr/bin/git push in /Users/ajith/projects/Commit_Bot
Git push FAILED. RC: 128
Git push stderr: fatal: could not read Username for 'https://github.com': Device not configured
Attempting: /usr/bin/git add commit_bot.txt in /Users/ajith/projects/Commit_Bot
Git add successful for commit_bot.txt.
Attempting: /usr/bin/git commit -m Update commit_bot.txt in /Users/ajith/projects/Commit_Bot
Git commit successful: [main 4e6639a] Update commit_bot.txt
 1 file changed, 1 insertion(+), 1 deletion(-)
Attempting: /usr/bin/git push in /Users/ajith/projects/Commit_Bot
Git push FAILED. RC: 128
Git push stderr: fatal: could not read Username for 'https://github.com': Device not configured
[2025-05-09 12:00:01.756800] Successfully committed 2 time(s).
[2025-05-09 12:15:00.792708] Already committed today. Skipping.
[2025-05-09 13:06:22.922408] Already committed today. Skipping.
[2025-05-09 13:15:06.511229] Already committed today. Skipping.
[2025-05-09 13:30:03.489659] Already committed today. Skipping.
